[debug] [2025-04-25T20:55:32.499Z] ----------------------------------------------------------------------
[debug] [2025-04-25T20:55:32.504Z] Command:       C:\Program Files\nodejs\node.exe C:\Users\leonardo.alves\AppData\Roaming\npm\node_modules\firebase-tools\lib\bin\firebase.js init functions
[debug] [2025-04-25T20:55:32.505Z] CLI Version:   14.2.1
[debug] [2025-04-25T20:55:32.505Z] Platform:      win32
[debug] [2025-04-25T20:55:32.505Z] Node Version:  v22.15.0
[debug] [2025-04-25T20:55:32.506Z] Time:          Fri Apr 25 2025 17:55:32 GMT-0300 (Horário Padrão de Brasília)
[debug] [2025-04-25T20:55:32.506Z] ----------------------------------------------------------------------
[debug] 
[debug] [2025-04-25T20:55:32.517Z] > command requires scopes: ["email","openid","https://www.googleapis.com/auth/cloudplatformprojects.readonly","https://www.googleapis.com/auth/firebase","https://www.googleapis.com/auth/cloud-platform"]
[debug] [2025-04-25T20:55:32.518Z] > authorizing via signed-in user (lionrisingb2y@gmail.com)
[info] 
     ######## #### ########  ######## ########     ###     ######  ########
     ##        ##  ##     ## ##       ##     ##  ##   ##  ##       ##
     ######    ##  ########  ######   ########  #########  ######  ######
     ##        ##  ##    ##  ##       ##     ## ##     ##       ## ##
     ##       #### ##     ## ######## ########  ##     ##  ######  ########

You're about to initialize a Firebase project in this directory:

  C:\Users\leonardo.alves\Documents\fht_sistemas-main

[info] 
=== Project Setup
[info] 
[info] First, let's associate this project directory with a Firebase project.
[info] You can create multiple project aliases by running firebase use --add, 
[info] but for now we'll just set up a default project.
[info] 
[debug] [2025-04-25T20:55:55.674Z] Checked if tokens are valid: true, expires at: 1745618013623
[debug] [2025-04-25T20:55:55.675Z] Checked if tokens are valid: true, expires at: 1745618013623
[debug] [2025-04-25T20:55:55.677Z] >>> [apiv2][query] GET https://firebase.googleapis.com/v1beta1/projects pageSize=100
[debug] [2025-04-25T20:55:57.252Z] <<< [apiv2][status] GET https://firebase.googleapis.com/v1beta1/projects 200
[debug] [2025-04-25T20:55:57.252Z] <<< [apiv2][body] GET https://firebase.googleapis.com/v1beta1/projects [omitted]
